[ENTERPRISE MIGRATION LOG ENGINE]
Timestamp: 2026-06-25T05:00:25Z
Root Node: C:\Licences
Primary: AiTenetAgency101
Alias: aiagency101
--------------------------------------------------------------------------------
[2026-06-25T05:00:25Z] STATUS: Initializing dual-licensing asset extraction.
[2026-06-25T05:00:25Z] ASSET COMPLETE: Proprietary ENTERPRISE_EULA.txt generated.
[2026-06-25T05:00:25Z] ASSET COMPLETE: Network Copyleft GNU AGPLv3 (LICENSE.md) generated.
[2026-06-25T05:00:25Z] ASSET COMPLETE: Fair Core Scale Manifest created.
[2026-06-25T05:00:25Z] ASSET COMPLETE: Proof-Of-Bug (Ps) Gateway instantiated.
[2026-06-25T05:00:25Z] ASSET COMPLETE: Shameware Public Attribution file created.
[2026-06-25T05:00:25Z] STATE: Deployment structural security matrix locked.
================================================================================
[DUAL-CHAIN COUPLING ENGINE INTERCEPT]
Timestamp: 2026-06-25T05:09:41Z
Ethereum Target: Root Asset Provenance: ERC-721 [robdoe.com]
DePIN Target: DePIN Sovereign Identity Layer: xNS [aiagency101.xyo] via XYO Layer One
--------------------------------------------------------------------------------
[2026-06-25T05:09:41Z] UPGRADE: Injected dual-chain identity anchors into ENTERPRISE_EULA.txt
[2026-06-25T05:09:41Z] UPGRADE: Tethered AGPLv3 copyleft firewall to XYO L1 state verification.
[2026-06-25T05:09:41Z] UPGRADE: Configured Bureaucracy Tax payload to track against aiagency101.xyo.
[2026-06-25T05:09:41Z] UPGRADE: Linked Liquidity Manifest directly with xNS proof requirements.
[2026-06-25T05:09:41Z] UPGRADE: Hardened Shameware metadata validation routines.
[2026-06-25T05:09:41Z] SECURE: All 10 distributed manifests fully entangled into Web3/DePIN spaces.
================================================================================
